<?xml version="1.0" encoding="UTF-8"?>
<!-- Generated by org.testng.reporters.JUnitReportReporter -->
<testsuite hostname="LAPTOP-Q9NI5B1S" failures="0" tests="1" name="runners.CucumberRunner" time="46.358" errors="0" timestamp="2023-01-04T00:09:23 EST" skipped="0">
  <testcase classname="runners.CucumberRunner" name="runScenario" time="46.358"/>
  <system-out/>
</testsuite> <!-- runners.CucumberRunner -->
